This is pdfTeX, Version 3.1415926-2.5-1.40.14 (TeX Live 2013) (format=pdflatex 2013.5.30)  7 JAN 2014 14:24
entering extended mode
 restricted \write18 enabled.
 %&-line parsing enabled.
**book.tex
(./book.tex
LaTeX2e <2011/06/27>
Babel <3.9f> and hyphenation patterns for 78 languages loaded.
(/usr/local/texlive/2013/texmf-dist/tex/latex/base/book.cls
Document Class: book 2007/10/19 v1.4h Standard LaTeX document class
(/usr/local/texlive/2013/texmf-dist/tex/latex/base/bk10.clo
File: bk10.clo 2007/10/19 v1.4h Standard LaTeX file (size option)
)
\c@part=\count79
\c@chapter=\count80
\c@section=\count81
\c@subsection=\count82
\c@subsubsection=\count83
\c@paragraph=\count84
\c@subparagraph=\count85
\c@figure=\count86
\c@table=\count87
\abovecaptionskip=\skip41
\belowcaptionskip=\skip42
\bibindent=\dimen102
)
(/usr/local/texlive/2013/texmf-dist/tex/latex/geometry/geometry.sty
Package: geometry 2010/09/12 v5.6 Page Geometry

(/usr/local/texlive/2013/texmf-dist/tex/latex/graphics/keyval.sty
Package: keyval 1999/03/16 v1.13 key=value parser (DPC)
\KV@toks@=\toks14
)
(/usr/local/texlive/2013/texmf-dist/tex/generic/oberdiek/ifpdf.sty
Package: ifpdf 2011/01/30 v2.3 Provides the ifpdf switch (HO)
Package ifpdf Info: pdfTeX in PDF mode is detected.
)
(/usr/local/texlive/2013/texmf-dist/tex/generic/oberdiek/ifvtex.sty
Package: ifvtex 2010/03/01 v1.5 Detect VTeX and its facilities (HO)
Package ifvtex Info: VTeX not detected.
)
(/usr/local/texlive/2013/texmf-dist/tex/generic/ifxetex/ifxetex.sty
Package: ifxetex 2010/09/12 v0.6 Provides ifxetex conditional
)
\Gm@cnth=\count88
\Gm@cntv=\count89
\c@Gm@tempcnt=\count90
\Gm@bindingoffset=\dimen103
\Gm@wd@mp=\dimen104
\Gm@odd@mp=\dimen105
\Gm@even@mp=\dimen106
\Gm@layoutwidth=\dimen107
\Gm@layoutheight=\dimen108
\Gm@layouthoffset=\dimen109
\Gm@layoutvoffset=\dimen110
\Gm@dimlist=\toks15
)
(/usr/local/texlive/2013/texmf-dist/tex/latex/pslatex/pslatex.sty
Package: pslatex 1996/07/24 v1.2 pslatex emulation (DPC)
LaTeX Font Info:    Redeclaring symbol font `operators' on input line 65.
LaTeX Font Info:    Overwriting symbol font `operators' in version `normal'
(Font)                  OT1/cmr/m/n --> OT1/ptmcm/m/n on input line 65.
LaTeX Font Info:    Overwriting symbol font `operators' in version `bold'
(Font)                  OT1/cmr/bx/n --> OT1/ptmcm/m/n on input line 65.
LaTeX Font Info:    Redeclaring symbol font `letters' on input line 66.
LaTeX Font Info:    Overwriting symbol font `letters' in version `normal'
(Font)                  OML/cmm/m/it --> OML/ptmcm/m/it on input line 66.
LaTeX Font Info:    Overwriting symbol font `letters' in version `bold'
(Font)                  OML/cmm/b/it --> OML/ptmcm/m/it on input line 66.
LaTeX Font Info:    Redeclaring symbol font `symbols' on input line 67.
LaTeX Font Info:    Overwriting symbol font `symbols' in version `normal'
(Font)                  OMS/cmsy/m/n --> OMS/pzccm/m/n on input line 67.
LaTeX Font Info:    Overwriting symbol font `symbols' in version `bold'
(Font)                  OMS/cmsy/b/n --> OMS/pzccm/m/n on input line 67.
LaTeX Font Info:    Redeclaring symbol font `largesymbols' on input line 68.
LaTeX Font Info:    Overwriting symbol font `largesymbols' in version `normal'
(Font)                  OMX/cmex/m/n --> OMX/psycm/m/n on input line 68.
LaTeX Font Info:    Overwriting symbol font `largesymbols' in version `bold'
(Font)                  OMX/cmex/m/n --> OMX/psycm/m/n on input line 68.
\symbold=\mathgroup4
\symitalic=\mathgroup5
LaTeX Font Info:    Redeclaring math alphabet \mathbf on input line 74.
LaTeX Font Info:    Overwriting math alphabet `\mathbf' in version `normal'
(Font)                  OT1/cmr/bx/n --> OT1/ptm/bx/n on input line 74.
LaTeX Font Info:    Overwriting math alphabet `\mathbf' in version `bold'
(Font)                  OT1/cmr/bx/n --> OT1/ptm/bx/n on input line 74.
LaTeX Font Info:    Redeclaring math alphabet \mathit on input line 75.
LaTeX Font Info:    Overwriting math alphabet `\mathit' in version `normal'
(Font)                  OT1/cmr/m/it --> OT1/ptm/m/it on input line 75.
LaTeX Font Info:    Overwriting math alphabet `\mathit' in version `bold'
(Font)                  OT1/cmr/bx/it --> OT1/ptm/m/it on input line 75.
)
(/usr/local/texlive/2013/texmf-dist/tex/latex/url/url.sty
\Urlmuskip=\muskip10
Package: url 2006/04/12  ver 3.3  Verb mode for urls, etc.
)
(/usr/local/texlive/2013/texmf-dist/tex/latex/fancyhdr/fancyhdr.sty
\fancy@headwidth=\skip43
\f@ncyO@elh=\skip44
\f@ncyO@erh=\skip45
\f@ncyO@olh=\skip46
\f@ncyO@orh=\skip47
\f@ncyO@elf=\skip48
\f@ncyO@erf=\skip49
\f@ncyO@olf=\skip50
\f@ncyO@orf=\skip51
)
(/usr/local/texlive/2013/texmf-dist/tex/latex/graphics/graphicx.sty
Package: graphicx 1999/02/16 v1.0f Enhanced LaTeX Graphics (DPC,SPQR)

(/usr/local/texlive/2013/texmf-dist/tex/latex/graphics/graphics.sty
Package: graphics 2009/02/05 v1.0o Standard LaTeX Graphics (DPC,SPQR)

(/usr/local/texlive/2013/texmf-dist/tex/latex/graphics/trig.sty
Package: trig 1999/03/16 v1.09 sin cos tan (DPC)
)
(/usr/local/texlive/2013/texmf-dist/tex/latex/latexconfig/graphics.cfg
File: graphics.cfg 2010/04/23 v1.9 graphics configuration of TeX Live
)
Package graphics Info: Driver file: pdftex.def on input line 91.

(/usr/local/texlive/2013/texmf-dist/tex/latex/pdftex-def/pdftex.def
File: pdftex.def 2011/05/27 v0.06d Graphics/color for pdfTeX

(/usr/local/texlive/2013/texmf-dist/tex/generic/oberdiek/infwarerr.sty
Package: infwarerr 2010/04/08 v1.3 Providing info/warning/error messages (HO)
)
(/usr/local/texlive/2013/texmf-dist/tex/generic/oberdiek/ltxcmds.sty
Package: ltxcmds 2011/11/09 v1.22 LaTeX kernel commands for general use (HO)
)
\Gread@gobject=\count91
))
\Gin@req@height=\dimen111
\Gin@req@width=\dimen112
)
(/usr/local/texlive/2013/texmf-dist/tex/latex/amsmath/amsmath.sty
Package: amsmath 2013/01/14 v2.14 AMS math features
\@mathmargin=\skip52

For additional information on amsmath, use the `?' option.
(/usr/local/texlive/2013/texmf-dist/tex/latex/amsmath/amstext.sty
Package: amstext 2000/06/29 v2.01

(/usr/local/texlive/2013/texmf-dist/tex/latex/amsmath/amsgen.sty
File: amsgen.sty 1999/11/30 v2.0
\@emptytoks=\toks16
\ex@=\dimen113
))
(/usr/local/texlive/2013/texmf-dist/tex/latex/amsmath/amsbsy.sty
Package: amsbsy 1999/11/29 v1.2d
\pmbraise@=\dimen114
)
(/usr/local/texlive/2013/texmf-dist/tex/latex/amsmath/amsopn.sty
Package: amsopn 1999/12/14 v2.01 operator names
)
\inf@bad=\count92
LaTeX Info: Redefining \frac on input line 210.
\uproot@=\count93
\leftroot@=\count94
LaTeX Info: Redefining \overline on input line 306.
\classnum@=\count95
\DOTSCASE@=\count96
LaTeX Info: Redefining \ldots on input line 378.
LaTeX Info: Redefining \dots on input line 381.
LaTeX Info: Redefining \cdots on input line 466.
\Mathstrutbox@=\box26
\strutbox@=\box27
\big@size=\dimen115
LaTeX Font Info:    Redeclaring font encoding OML on input line 566.
LaTeX Font Info:    Redeclaring font encoding OMS on input line 567.
\macc@depth=\count97
\c@MaxMatrixCols=\count98
\dotsspace@=\muskip11
\c@parentequation=\count99
\dspbrk@lvl=\count100
\tag@help=\toks17
\row@=\count101
\column@=\count102
\maxfields@=\count103
\andhelp@=\toks18
\eqnshift@=\dimen116
\alignsep@=\dimen117
\tagshift@=\dimen118
\tagwidth@=\dimen119
\totwidth@=\dimen120
\lineht@=\dimen121
\@envbody=\toks19
\multlinegap=\skip53
\multlinetaggap=\skip54
\mathdisplay@stack=\toks20
LaTeX Info: Redefining \[ on input line 2665.
LaTeX Info: Redefining \] on input line 2666.
)
(/usr/local/texlive/2013/texmf-dist/tex/latex/amscls/amsthm.sty
Package: amsthm 2004/08/06 v2.20
\thm@style=\toks21
\thm@bodyfont=\toks22
\thm@headfont=\toks23
\thm@notefont=\toks24
\thm@headpunct=\toks25
\thm@preskip=\skip55
\thm@postskip=\skip56
\thm@headsep=\skip57
\dth@everypar=\toks26
)
(/usr/local/texlive/2013/texmf-dist/tex/latex/amsfonts/amssymb.sty
Package: amssymb 2013/01/14 v3.01 AMS font symbols

(/usr/local/texlive/2013/texmf-dist/tex/latex/amsfonts/amsfonts.sty
Package: amsfonts 2013/01/14 v3.01 Basic AMSFonts support
\symAMSa=\mathgroup6
\symAMSb=\mathgroup7
LaTeX Font Info:    Overwriting math alphabet `\mathfrak' in version `bold'
(Font)                  U/euf/m/n --> U/euf/b/n on input line 106.
))
(/usr/local/texlive/2013/texmf-dist/tex/latex/exercise/exercise.sty
Package: exercise 2012/05/08 v1.58 Exercise package (P.Pichaureau)

(/usr/local/texlive/2013/texmf-dist/tex/latex/base/ifthen.sty
Package: ifthen 2001/05/26 v1.1c Standard LaTeX ifthen package (DPC)
)
\ExerciseSkipBefore=\skip58
\ExerciseSkipAfter=\skip59
\Exesep=\skip60
\Exetopsep=\skip61
\Exeparsep=\skip62
\Exepartopsep=\skip63
\Exeleftmargin=\skip64
\Exerightmargin=\skip65
\Exelabelwidth=\skip66
\Exelabelsep=\skip67
\ExerciseBefore=\skip68
\QuestionBefore=\skip69
\subQuestionBefore=\skip70
\subsubQuestionBefore=\skip71
\QuestionIndent=\skip72
\subQuestionIndent=\skip73
\subsubQuestionIndent=\skip74
\c@Exercise=\count104
\c@Answer=\count105
\c@ExePart=\count106
\c@Question=\count107
\c@subQuestion=\count108
\c@subsubQuestion=\count109
\c@savedQuestion=\count110
\c@savedsubQuestion=\count111
\c@savedsubsubQuestion=\count112
\@QuestionLevel=\count113
\@Exercisebox=\box28
\all@Exercisebox=\box29
\temp@Exercisebox=\box30
\all@Answerbox=\box31
\temp@Answerbox=\box32
\ExerciseDifficulty=\count114
\QuestionDifficulty=\count115
\subQuestionDifficulty=\count116
\subsubQuestionDifficulty=\count117
\ExePartDifficulty=\count118
\@Answerbox=\box33
\colonnesLevel=\count119
\tempskipa=\skip75
\tempskipb=\skip76
\@savedmathindent=\skip77
)
(/usr/local/texlive/2013/texmf-dist/tex/latex/base/makeidx.sty
Package: makeidx 2000/03/29 v1.0m Standard LaTeX package
)
(/usr/local/texlive/2013/texmf-dist/tex/latex/setspace/setspace.sty
Package: setspace 2011/12/19 v6.7a set line spacing
)
(./hevea.sty
Package: hevea 2002/01/11
 (/usr/local/texlive/2013/texmf-dist/tex/latex/comment/comment.sty
\CommentStream=\write3

Excluding comment 'comment')
\c@cuttingdepth=\count120
 Excluding comment 'rawhtml'
Excluding comment 'htmlonly'
\@bgcolorbin=\box34
)
(/usr/local/texlive/2013/texmf-dist/tex/latex/upquote/upquote.sty
Package: upquote 2012/04/19 v1.3 upright-quote and grave-accent glyphs in verba
tim

(/usr/local/texlive/2013/texmf-dist/tex/latex/base/textcomp.sty
Package: textcomp 2005/09/27 v1.99g Standard LaTeX package
Package textcomp Info: Sub-encoding information:
(textcomp)               5 = only ISO-Adobe without \textcurrency
(textcomp)               4 = 5 + \texteuro
(textcomp)               3 = 4 + \textohm
(textcomp)               2 = 3 + \textestimated + \textcurrency
(textcomp)               1 = TS1 - \textcircled - \t
(textcomp)               0 = TS1 (full)
(textcomp)             Font families with sub-encoding setting implement
(textcomp)             only a restricted character set as indicated.
(textcomp)             Family '?' is the default used for unknown fonts.
(textcomp)             See the documentation for details.
Package textcomp Info: Setting ? sub-encoding to TS1/1 on input line 71.

(/usr/local/texlive/2013/texmf-dist/tex/latex/base/ts1enc.def
File: ts1enc.def 2001/06/05 v3.0e (jk/car/fm) Standard LaTeX file
)
LaTeX Info: Redefining \oldstylenums on input line 266.
Package textcomp Info: Setting cmr sub-encoding to TS1/0 on input line 281.
Package textcomp Info: Setting cmss sub-encoding to TS1/0 on input line 282.
Package textcomp Info: Setting cmtt sub-encoding to TS1/0 on input line 283.
Package textcomp Info: Setting cmvtt sub-encoding to TS1/0 on input line 284.
Package textcomp Info: Setting cmbr sub-encoding to TS1/0 on input line 285.
Package textcomp Info: Setting cmtl sub-encoding to TS1/0 on input line 286.
Package textcomp Info: Setting ccr sub-encoding to TS1/0 on input line 287.
Package textcomp Info: Setting ptm sub-encoding to TS1/4 on input line 288.
Package textcomp Info: Setting pcr sub-encoding to TS1/4 on input line 289.
Package textcomp Info: Setting phv sub-encoding to TS1/4 on input line 290.
Package textcomp Info: Setting ppl sub-encoding to TS1/3 on input line 291.
Package textcomp Info: Setting pag sub-encoding to TS1/4 on input line 292.
Package textcomp Info: Setting pbk sub-encoding to TS1/4 on input line 293.
Package textcomp Info: Setting pnc sub-encoding to TS1/4 on input line 294.
Package textcomp Info: Setting pzc sub-encoding to TS1/4 on input line 295.
Package textcomp Info: Setting bch sub-encoding to TS1/4 on input line 296.
Package textcomp Info: Setting put sub-encoding to TS1/5 on input line 297.
Package textcomp Info: Setting uag sub-encoding to TS1/5 on input line 298.
Package textcomp Info: Setting ugq sub-encoding to TS1/5 on input line 299.
Package textcomp Info: Setting ul8 sub-encoding to TS1/4 on input line 300.
Package textcomp Info: Setting ul9 sub-encoding to TS1/4 on input line 301.
Package textcomp Info: Setting augie sub-encoding to TS1/5 on input line 302.
Package textcomp Info: Setting dayrom sub-encoding to TS1/3 on input line 303.
Package textcomp Info: Setting dayroms sub-encoding to TS1/3 on input line 304.

Package textcomp Info: Setting pxr sub-encoding to TS1/0 on input line 305.
Package textcomp Info: Setting pxss sub-encoding to TS1/0 on input line 306.
Package textcomp Info: Setting pxtt sub-encoding to TS1/0 on input line 307.
Package textcomp Info: Setting txr sub-encoding to TS1/0 on input line 308.
Package textcomp Info: Setting txss sub-encoding to TS1/0 on input line 309.
Package textcomp Info: Setting txtt sub-encoding to TS1/0 on input line 310.
Package textcomp Info: Setting lmr sub-encoding to TS1/0 on input line 311.
Package textcomp Info: Setting lmdh sub-encoding to TS1/0 on input line 312.
Package textcomp Info: Setting lmss sub-encoding to TS1/0 on input line 313.
Package textcomp Info: Setting lmssq sub-encoding to TS1/0 on input line 314.
Package textcomp Info: Setting lmvtt sub-encoding to TS1/0 on input line 315.
Package textcomp Info: Setting qhv sub-encoding to TS1/0 on input line 316.
Package textcomp Info: Setting qag sub-encoding to TS1/0 on input line 317.
Package textcomp Info: Setting qbk sub-encoding to TS1/0 on input line 318.
Package textcomp Info: Setting qcr sub-encoding to TS1/0 on input line 319.
Package textcomp Info: Setting qcs sub-encoding to TS1/0 on input line 320.
Package textcomp Info: Setting qpl sub-encoding to TS1/0 on input line 321.
Package textcomp Info: Setting qtm sub-encoding to TS1/0 on input line 322.
Package textcomp Info: Setting qzc sub-encoding to TS1/0 on input line 323.
Package textcomp Info: Setting qhvc sub-encoding to TS1/0 on input line 324.
Package textcomp Info: Setting futs sub-encoding to TS1/4 on input line 325.
Package textcomp Info: Setting futx sub-encoding to TS1/4 on input line 326.
Package textcomp Info: Setting futj sub-encoding to TS1/4 on input line 327.
Package textcomp Info: Setting hlh sub-encoding to TS1/3 on input line 328.
Package textcomp Info: Setting hls sub-encoding to TS1/3 on input line 329.
Package textcomp Info: Setting hlst sub-encoding to TS1/3 on input line 330.
Package textcomp Info: Setting hlct sub-encoding to TS1/5 on input line 331.
Package textcomp Info: Setting hlx sub-encoding to TS1/5 on input line 332.
Package textcomp Info: Setting hlce sub-encoding to TS1/5 on input line 333.
Package textcomp Info: Setting hlcn sub-encoding to TS1/5 on input line 334.
Package textcomp Info: Setting hlcw sub-encoding to TS1/5 on input line 335.
Package textcomp Info: Setting hlcf sub-encoding to TS1/5 on input line 336.
Package textcomp Info: Setting pplx sub-encoding to TS1/3 on input line 337.
Package textcomp Info: Setting pplj sub-encoding to TS1/3 on input line 338.
Package textcomp Info: Setting ptmx sub-encoding to TS1/4 on input line 339.
Package textcomp Info: Setting ptmj sub-encoding to TS1/4 on input line 340.
))
\@indexfile=\write4
\openout4 = `book.idx'.


Writing index file book.idx
(./book.aux)
\openout1 = `book.aux'.

LaTeX Font Info:    Checking defaults for OML/cmm/m/it on input line 52.
LaTeX Font Info:    ... okay on input line 52.
LaTeX Font Info:    Checking defaults for T1/cmr/m/n on input line 52.
LaTeX Font Info:    ... okay on input line 52.
LaTeX Font Info:    Checking defaults for OT1/cmr/m/n on input line 52.
LaTeX Font Info:    ... okay on input line 52.
LaTeX Font Info:    Checking defaults for OMS/pzccm/m/n on input line 52.
LaTeX Font Info:    Try loading font information for OMS+pzccm on input line 52
.
 (/usr/local/texlive/2013/texmf-dist/tex/latex/psnfss/omspzccm.fd
File: omspzccm.fd 2000/01/03 Fontinst v1.801 font definitions for OMS/pzccm.
)
LaTeX Font Info:    ... okay on input line 52.
LaTeX Font Info:    Checking defaults for OMX/cmex/m/n on input line 52.
LaTeX Font Info:    ... okay on input line 52.
LaTeX Font Info:    Checking defaults for U/cmr/m/n on input line 52.
LaTeX Font Info:    ... okay on input line 52.
LaTeX Font Info:    Checking defaults for TS1/cmr/m/n on input line 52.
LaTeX Font Info:    Try loading font information for TS1+cmr on input line 52.

(/usr/local/texlive/2013/texmf-dist/tex/latex/base/ts1cmr.fd
File: ts1cmr.fd 1999/05/25 v2.5h Standard LaTeX font definitions
)
LaTeX Font Info:    ... okay on input line 52.

*geometry* driver: auto-detecting
*geometry* detected driver: pdftex
*geometry* verbose mode - [ preamble ] result:
* driver: pdftex
* paper: <default>
* layout: <same size as paper>
* layoutoffset:(h,v)=(0.0pt,0.0pt)
* hratio: 3:2
* vratio: 1:1
* modes: twoside 
* h-part:(L,W,R)=(130.086pt, 397.48499pt, 86.72401pt)
* v-part:(T,H,B)=(90.3375pt, 614.295pt, 90.3375pt)
* \paperwidth=614.295pt
* \paperheight=794.96999pt
* \textwidth=397.48499pt
* \textheight=614.295pt
* \oddsidemargin=57.81601pt
* \evensidemargin=14.45403pt
* \topmargin=-11.99998pt
* \headheight=12.0pt
* \headsep=18.06749pt
* \topskip=10.0pt
* \footskip=25.29494pt
* \marginparwidth=125.0pt
* \marginparsep=7.0pt
* \columnsep=10.0pt
* \skip\footins=9.0pt plus 4.0pt minus 2.0pt
* \hoffset=0.0pt
* \voffset=0.0pt
* \mag=1000
* \@twocolumnfalse
* \@twosidetrue
* \@mparswitchtrue
* \@reversemarginfalse
* (1in=72.27pt=25.4mm, 1cm=28.453pt)

(/usr/local/texlive/2013/texmf-dist/tex/context/base/supp-pdf.mkii
[Loading MPS to PDF converter (version 2006.09.02).]
\scratchcounter=\count121
\scratchdimen=\dimen122
\scratchbox=\box35
\nofMPsegments=\count122
\nofMParguments=\count123
\everyMPshowfont=\toks27
\MPscratchCnt=\count124
\MPscratchDim=\dimen123
\MPnumerator=\count125
\makeMPintoPDFobject=\count126
\everyMPtoPDFconversion=\toks28
) (/usr/local/texlive/2013/texmf-dist/tex/generic/oberdiek/pdftexcmds.sty
Package: pdftexcmds 2011/11/29 v0.20 Utility functions of pdfTeX for LuaTeX (HO
)

(/usr/local/texlive/2013/texmf-dist/tex/generic/oberdiek/ifluatex.sty
Package: ifluatex 2010/03/01 v1.3 Provides the ifluatex switch (HO)
Package ifluatex Info: LuaTeX not detected.
)
Package pdftexcmds Info: LuaTeX not detected.
Package pdftexcmds Info: \pdf@primitive is available.
Package pdftexcmds Info: \pdf@ifprimitive is available.
Package pdftexcmds Info: \pdfdraftmode found.
)
(/usr/local/texlive/2013/texmf-dist/tex/latex/oberdiek/epstopdf-base.sty
Package: epstopdf-base 2010/02/09 v2.5 Base part for package epstopdf

(/usr/local/texlive/2013/texmf-dist/tex/latex/oberdiek/grfext.sty
Package: grfext 2010/08/19 v1.1 Manage graphics extensions (HO)

(/usr/local/texlive/2013/texmf-dist/tex/generic/oberdiek/kvdefinekeys.sty
Package: kvdefinekeys 2011/04/07 v1.3 Define keys (HO)
))
(/usr/local/texlive/2013/texmf-dist/tex/latex/oberdiek/kvoptions.sty
Package: kvoptions 2011/06/30 v3.11 Key value format for package options (HO)

(/usr/local/texlive/2013/texmf-dist/tex/generic/oberdiek/kvsetkeys.sty
Package: kvsetkeys 2012/04/25 v1.16 Key value parser (HO)

(/usr/local/texlive/2013/texmf-dist/tex/generic/oberdiek/etexcmds.sty
Package: etexcmds 2011/02/16 v1.5 Avoid name clashes with e-TeX commands (HO)
Package etexcmds Info: Could not find \expanded.
(etexcmds)             That can mean that you are not using pdfTeX 1.50 or
(etexcmds)             that some package has redefined \expanded.
(etexcmds)             In the latter case, load this package earlier.
)))
Package grfext Info: Graphics extension search list:
(grfext)             [.png,.pdf,.jpg,.mps,.jpeg,.jbig2,.jb2,.PNG,.PDF,.JPG,.JPE
G,.JBIG2,.JB2,.eps]
(grfext)             \AppendGraphicsExtensions on input line 452.

(/usr/local/texlive/2013/texmf-dist/tex/latex/latexconfig/epstopdf-sys.cfg
File: epstopdf-sys.cfg 2010/07/13 v1.3 Configuration of (r)epstopdf for TeX Liv
e
))
(./latexonly)
\c@ex=\count127
 [1


{/usr/local/texlive/2013/texmf-var/fonts/map/pdftex/updmap/pdftex.map}] [2] [3]
LaTeX Font Info:    Try loading font information for TS1+ptm on input line 140.

 (/usr/local/texlive/2013/texmf-dist/tex/latex/psnfss/ts1ptm.fd
File: ts1ptm.fd 2001/06/04 font definitions for TS1/ptm.
)
LaTeX Font Info:    Font shape `OT1/ptm/bx/n' in size <9> not available
(Font)              Font shape `OT1/ptm/b/n' tried instead on input line 147.
LaTeX Font Info:    Try loading font information for OT1+ptmcm on input line 17
6.
 (/usr/local/texlive/2013/texmf-dist/tex/latex/psnfss/ot1ptmcm.fd
File: ot1ptmcm.fd 2000/01/03 Fontinst v1.801 font definitions for OT1/ptmcm.
)
LaTeX Font Info:    Try loading font information for OML+ptmcm on input line 17
6.

(/usr/local/texlive/2013/texmf-dist/tex/latex/psnfss/omlptmcm.fd
File: omlptmcm.fd 2000/01/03 Fontinst v1.801 font definitions for OML/ptmcm.
)
LaTeX Font Info:    Try loading font information for OMX+psycm on input line 17
6.

(/usr/local/texlive/2013/texmf-dist/tex/latex/psnfss/omxpsycm.fd
File: omxpsycm.fd 2000/01/03 Fontinst v1.801 font definitions for OMX/psycm.
)
LaTeX Font Info:    Font shape `OT1/ptm/bx/n' in size <7> not available
(Font)              Font shape `OT1/ptm/b/n' tried instead on input line 176.
LaTeX Font Info:    Font shape `OT1/ptm/bx/n' in size <5> not available
(Font)              Font shape `OT1/ptm/b/n' tried instead on input line 176.
LaTeX Font Info:    Try loading font information for U+msa on input line 176.

(/usr/local/texlive/2013/texmf-dist/tex/latex/amsfonts/umsa.fd
File: umsa.fd 2013/01/14 v3.01 AMS symbols A
)
LaTeX Font Info:    Try loading font information for U+msb on input line 176.

(/usr/local/texlive/2013/texmf-dist/tex/latex/amsfonts/umsb.fd
File: umsb.fd 2013/01/14 v3.01 AMS symbols B
) [4]
LaTeX Font Info:    Font shape `OT1/ptm/bx/n' in size <24.88> not available
(Font)              Font shape `OT1/ptm/b/n' tried instead on input line 207.
LaTeX Font Info:    Font shape `OT1/ptm/bx/n' in size <14.4> not available
(Font)              Font shape `OT1/ptm/b/n' tried instead on input line 209.
LaTeX Font Info:    Font shape `OT1/ptm/bx/n' in size <10> not available
(Font)              Font shape `OT1/ptm/b/n' tried instead on input line 270.
LaTeX Font Info:    Font shape `OT1/ptm/bx/n' in size <7.4> not available
(Font)              Font shape `OT1/ptm/b/n' tried instead on input line 270.
LaTeX Font Info:    Font shape `OT1/ptm/bx/n' in size <6> not available
(Font)              Font shape `OT1/ptm/b/n' tried instead on input line 270.
 [5

]
Underfull \hbox (badness 10000) in paragraph at lines 320--322

 []

[6] [7] [8] [9] [10] (./book.toc [11


] [12] [13] [14] [15] [16] [17] [18])
\tf@toc=\write5
\openout5 = `book.toc'.


[19] [20

]
Chapter 1.
LaTeX Font Info:    Font shape `OT1/ptm/bx/n' in size <20.74> not available
(Font)              Font shape `OT1/ptm/b/n' tried instead on input line 708.
[1


]
Package epstopdf Info: Source file: <figs/interpret.eps>
(epstopdf)                    date: 2014-01-07 13:49:12
(epstopdf)                    size: 4300 bytes
(epstopdf)             Output file: <figs/interpret-eps-converted-to.pdf>
(epstopdf)                    date: 2014-01-07 14:18:35
(epstopdf)                    size: 4678 bytes
(epstopdf)             Command: <repstopdf --outfile=figs/interpret-eps-convert
ed-to.pdf figs/interpret.eps>
(epstopdf)             \includegraphics on input line 776.
Package epstopdf Info: Output file is already uptodate.
 <figs/interpret-eps-converted-to.pdf, id=73, 264.99pt x 62.2325pt>
File: figs/interpret-eps-converted-to.pdf Graphic file (type pdf)

<use figs/interpret-eps-converted-to.pdf>
Package pdftex.def Info: figs/interpret-eps-converted-to.pdf used on input line
 776.
(pdftex.def)             Requested size: 236.96037pt x 55.64821pt.
Package epstopdf Info: Source file: <figs/compile.eps>
(epstopdf)                    date: 2014-01-07 13:49:12
(epstopdf)                    size: 5202 bytes
(epstopdf)             Output file: <figs/compile-eps-converted-to.pdf>
(epstopdf)                    date: 2014-01-07 14:18:36
(epstopdf)                    size: 5192 bytes
(epstopdf)             Command: <repstopdf --outfile=figs/compile-eps-converted
-to.pdf figs/compile.eps>
(epstopdf)             \includegraphics on input line 790.
Package epstopdf Info: Output file is already uptodate.

<figs/compile-eps-converted-to.pdf, id=74, 387.4475pt x 62.2325pt>
File: figs/compile-eps-converted-to.pdf Graphic file (type pdf)

<use figs/compile-eps-converted-to.pdf>
Package pdftex.def Info: figs/compile-eps-converted-to.pdf used on input line 7
90.
(pdftex.def)             Requested size: 346.4648pt x 55.64821pt.
 [2 <./figs/interpret-eps-converted-to.pdf> <./figs/compile-eps-converted-to.pd
f>]
LaTeX Font Info:    Font shape `OT1/ptm/bx/n' in size <12> not available
(Font)              Font shape `OT1/ptm/b/n' tried instead on input line 895.
 [3] [4]
LaTeX Font Info:    Font shape `OT1/ptm/bx/n' in size <8> not available
(Font)              Font shape `OT1/ptm/b/n' tried instead on input line 1088.
 [5]
LaTeX Font Info:    Try loading font information for TS1+pcr on input line 1141
.

(/usr/local/texlive/2013/texmf-dist/tex/latex/psnfss/ts1pcr.fd
File: ts1pcr.fd 2001/06/04 font definitions for TS1/pcr.
) [6] [7]
[8]
Chapter 2.
[9

]
Package epstopdf Info: Source file: <figs/state2.eps>
(epstopdf)                    date: 2014-01-07 13:49:12
(epstopdf)                    size: 4096 bytes
(epstopdf)             Output file: <figs/state2-eps-converted-to.pdf>
(epstopdf)                    date: 2014-01-07 14:18:36
(epstopdf)                    size: 6447 bytes
(epstopdf)             Command: <repstopdf --outfile=figs/state2-eps-converted-
to.pdf figs/state2.eps>
(epstopdf)             \includegraphics on input line 1525.
Package epstopdf Info: Output file is already uptodate.
 <figs/state2-eps-converted-to.pdf, id=112, 313.17pt x 60.225pt>
File: figs/state2-eps-converted-to.pdf Graphic file (type pdf)

<use figs/state2-eps-converted-to.pdf>
Package pdftex.def Info: figs/state2-eps-converted-to.pdf used on input line 15
25.
(pdftex.def)             Requested size: 313.16922pt x 60.22484pt.
 [10 <./figs/state2-eps-converted-to.pdf>] [11] [12] [13] [14] [15] [16]
Chapter 3.
[17

] [18] [19] [20] [21] [22]
Package epstopdf Info: Source file: <figs/stack.eps>
(epstopdf)                    date: 2014-01-07 13:49:12
(epstopdf)                    size: 5691 bytes
(epstopdf)             Output file: <figs/stack-eps-converted-to.pdf>
(epstopdf)                    date: 2014-01-07 14:18:37
(epstopdf)                    size: 5858 bytes
(epstopdf)             Command: <repstopdf --outfile=figs/stack-eps-converted-t
o.pdf figs/stack.eps>
(epstopdf)             \includegraphics on input line 2749.
Package epstopdf Info: Output file is already uptodate.

<figs/stack-eps-converted-to.pdf, id=162, 271.0125pt x 141.52875pt>
File: figs/stack-eps-converted-to.pdf Graphic file (type pdf)

<use figs/stack-eps-converted-to.pdf>
Package pdftex.def Info: figs/stack-eps-converted-to.pdf used on input line 274
9.
(pdftex.def)             Requested size: 271.01183pt x 141.5284pt.
 [23 <./figs/stack-eps-converted-to.pdf>]
[24] [25] [26] [27] [28]
Chapter 4.
[29

] [30]
Underfull \hbox (badness 1163) in paragraph at lines 3391--3393
[]\OT1/ptm/m/n/10 Hint: fig-ure out the cir-cum-fer-ence of the cir-cle and mak
e sure that \OT1/pcr/m/n/10 length * n =
 []

[31] [32] [33] [34] [35]
Package epstopdf Info: Source file: <figs/flowers.eps>
(epstopdf)                    date: 2014-01-07 13:49:12
(epstopdf)                    size: 200440 bytes
(epstopdf)             Output file: <figs/flowers-eps-converted-to.pdf>
(epstopdf)                    date: 2014-01-07 14:18:38
(epstopdf)                    size: 12466 bytes
(epstopdf)             Command: <repstopdf --outfile=figs/flowers-eps-converted
-to.pdf figs/flowers.eps>
(epstopdf)             \includegraphics on input line 3869.
Package epstopdf Info: Output file is already uptodate.

<figs/flowers-eps-converted-to.pdf, id=212, 264.99pt x 103.38625pt>
File: figs/flowers-eps-converted-to.pdf Graphic file (type pdf)

<use figs/flowers-eps-converted-to.pdf>
Package pdftex.def Info: figs/flowers-eps-converted-to.pdf used on input line 3
869.
(pdftex.def)             Requested size: 185.24104pt x 72.26999pt.
 [36]
Package epstopdf Info: Source file: <figs/pies.eps>
(epstopdf)                    date: 2014-01-07 13:49:12
(epstopdf)                    size: 20432 bytes
(epstopdf)             Output file: <figs/pies-eps-converted-to.pdf>
(epstopdf)                    date: 2014-01-07 14:18:38
(epstopdf)                    size: 2855 bytes
(epstopdf)             Command: <repstopdf --outfile=figs/pies-eps-converted-to
.pdf figs/pies.eps>
(epstopdf)             \includegraphics on input line 3882.
Package epstopdf Info: Output file is already uptodate.

<figs/pies-eps-converted-to.pdf, id=216, 220.825pt x 72.27pt>
File: figs/pies-eps-converted-to.pdf Graphic file (type pdf)

<use figs/pies-eps-converted-to.pdf>
Package pdftex.def Info: figs/pies-eps-converted-to.pdf used on input line 3882
.
(pdftex.def)             Requested size: 198.75076pt x 65.04256pt.
 [37 <./figs/flowers-eps-converted-to.pdf> <./figs/pies-eps-converted-to.pdf>] 
[38

]
Chapter 5.
[39] [40] [41] [42]
Package epstopdf Info: Source file: <figs/stack2.eps>
(epstopdf)                    date: 2014-01-07 13:49:12
(epstopdf)                    size: 5199 bytes
(epstopdf)             Output file: <figs/stack2-eps-converted-to.pdf>
(epstopdf)                    date: 2014-01-07 14:18:39
(epstopdf)                    size: 5136 bytes
(epstopdf)             Command: <repstopdf --outfile=figs/stack2-eps-converted-
to.pdf figs/stack2.eps>
(epstopdf)             \includegraphics on input line 4360.
Package epstopdf Info: Output file is already uptodate.

<figs/stack2-eps-converted-to.pdf, id=240, 131.49126pt x 151.56625pt>
File: figs/stack2-eps-converted-to.pdf Graphic file (type pdf)

<use figs/stack2-eps-converted-to.pdf>
Package pdftex.def Info: figs/stack2-eps-converted-to.pdf used on input line 43
60.
(pdftex.def)             Requested size: 131.49092pt x 151.56587pt.
 [43]
LaTeX Font Info:    Font shape `OT1/phv/m/n' will be
(Font)              scaled to size 8.99994pt on input line 4442.
 [44 <./figs/stack2-eps-converted-to.pdf>] [45] [46] [47]
Package epstopdf Info: Source file: <figs/koch.eps>
(epstopdf)                    date: 2014-01-07 13:49:12
(epstopdf)                    size: 213041 bytes
(epstopdf)             Output file: <figs/koch-eps-converted-to.pdf>
(epstopdf)                    date: 2014-01-07 14:18:39
(epstopdf)                    size: 8753 bytes
(epstopdf)             Command: <repstopdf --outfile=figs/koch-eps-converted-to
.pdf figs/koch.eps>
(epstopdf)             \includegraphics on input line 4770.
Package epstopdf Info: Output file is already uptodate.

<figs/koch-eps-converted-to.pdf, id=264, 258.9675pt x 78.2925pt>
File: figs/koch-eps-converted-to.pdf Graphic file (type pdf)

<use figs/koch-eps-converted-to.pdf>
Package pdftex.def Info: figs/koch-eps-converted-to.pdf used on input line 4770
.
(pdftex.def)             Requested size: 239.05513pt x 72.26999pt.
 [48 <./figs/koch-eps-converted-to.pdf>]
[49] [50

]
Chapter 6.
[51] [52] [53] [54] [55]
Package epstopdf Info: Source file: <figs/stack3.eps>
(epstopdf)                    date: 2014-01-07 13:49:12
(epstopdf)                    size: 8931 bytes
(epstopdf)             Output file: <figs/stack3-eps-converted-to.pdf>
(epstopdf)                    date: 2014-01-07 14:18:40
(epstopdf)                    size: 6060 bytes
(epstopdf)             Command: <repstopdf --outfile=figs/stack3-eps-converted-
to.pdf figs/stack3.eps>
(epstopdf)             \includegraphics on input line 5378.
Package epstopdf Info: Output file is already uptodate.

<figs/stack3-eps-converted-to.pdf, id=293, 321.2pt x 150.5625pt>
File: figs/stack3-eps-converted-to.pdf Graphic file (type pdf)

<use figs/stack3-eps-converted-to.pdf>
Package pdftex.def Info: figs/stack3-eps-converted-to.pdf used on input line 53
78.
(pdftex.def)             Requested size: 321.19922pt x 150.56212pt.
 [56] [57 <./figs/stack3-eps-converted-to.pdf>] [58] [59] [60] [61] [62]
Chapter 7.
Package epstopdf Info: Source file: <figs/assign2.eps>
(epstopdf)                    date: 2014-01-07 13:49:12
(epstopdf)                    size: 3520 bytes
(epstopdf)             Output file: <figs/assign2-eps-converted-to.pdf>
(epstopdf)                    date: 2014-01-07 14:18:41
(epstopdf)                    size: 4361 bytes
(epstopdf)             Command: <repstopdf --outfile=figs/assign2-eps-converted
-to.pdf figs/assign2.eps>
(epstopdf)             \includegraphics on input line 5858.
Package epstopdf Info: Output file is already uptodate.
<figs/assign2-eps-converted-to.pdf, id=321, 79.29625pt x 43.16125pt>
File: figs/assign2-eps-converted-to.pdf Graphic file (type pdf)

<use figs/assign2-eps-converted-to.pdf>
Package pdftex.def Info: figs/assign2-eps-converted-to.pdf used on input line 5
858.
(pdftex.def)             Requested size: 79.29604pt x 43.16113pt.
 [63

 <./figs/assign2-eps-converted-to.pdf>] [64] [65] [66] [67] [68] [69] [70]
Chapter 8.
[71

] [72]
Package epstopdf Info: Source file: <figs/banana.eps>
(epstopdf)                    date: 2014-01-07 13:49:12
(epstopdf)                    size: 4896 bytes
(epstopdf)             Output file: <figs/banana-eps-converted-to.pdf>
(epstopdf)                    date: 2014-01-07 14:18:41
(epstopdf)                    size: 5541 bytes
(epstopdf)             Command: <repstopdf --outfile=figs/banana-eps-converted-
to.pdf figs/banana.eps>
(epstopdf)             \includegraphics on input line 6687.
Package epstopdf Info: Output file is already uptodate.
 <figs/banana-eps-converted-to.pdf, id=360, 195.73125pt x 52.195pt>
File: figs/banana-eps-converted-to.pdf Graphic file (type pdf)

<use figs/banana-eps-converted-to.pdf>
Package pdftex.def Info: figs/banana-eps-converted-to.pdf used on input line 66
87.
(pdftex.def)             Requested size: 195.73076pt x 52.19487pt.
 [73 <./figs/banana-eps-converted-to.pdf>] [74] [75] [76] [77]
Package epstopdf Info: Source file: <figs/state4.eps>
(epstopdf)                    date: 2014-01-07 13:49:12
(epstopdf)                    size: 4547 bytes
(epstopdf)             Output file: <figs/state4-eps-converted-to.pdf>
(epstopdf)                    date: 2014-01-07 14:18:42
(epstopdf)                    size: 5167 bytes
(epstopdf)             Command: <repstopdf --outfile=figs/state4-eps-converted-
to.pdf figs/state4.eps>
(epstopdf)             \includegraphics on input line 7183.
Package epstopdf Info: Output file is already uptodate.

<figs/state4-eps-converted-to.pdf, id=383, 245.91875pt x 56.21pt>
File: figs/state4-eps-converted-to.pdf Graphic file (type pdf)

<use figs/state4-eps-converted-to.pdf>
Package pdftex.def Info: figs/state4-eps-converted-to.pdf used on input line 71
83.
(pdftex.def)             Requested size: 245.91814pt x 56.20985pt.
 [78 <./figs/state4-eps-converted-to.pdf>]
Underfull \hbox (badness 2213) in paragraph at lines 7287--7292
\OT1/ptm/b/n/10 Exercise 8.10 \OT1/ptm/m/n/10 Read the doc-u-men-ta-tion of the
 string meth-ods at $\OT1/pcr/m/n/10 docs . python . org / lib /
 []


Underfull \hbox (badness 10000) in paragraph at lines 7293--7298
[]\OT1/ptm/m/n/10 The doc-u-men-ta-tion uses a syn-tax that might be con-fus-in
g. For ex-am-ple, in
 []

[79] [80]
Chapter 9.
[81

] [82] [83] [84] [85] [86] [87] [88

]
Chapter 10.
[89]
Package epstopdf Info: Source file: <figs/list_state.eps>
(epstopdf)                    date: 2014-01-07 13:49:12
(epstopdf)                    size: 6673 bytes
(epstopdf)             Output file: <figs/list_state-eps-converted-to.pdf>
(epstopdf)                    date: 2014-01-07 14:18:42
(epstopdf)                    size: 6533 bytes
(epstopdf)             Command: <repstopdf --outfile=figs/list_state-eps-conver
ted-to.pdf figs/list_state.eps>
(epstopdf)             \includegraphics on input line 8076.
Package epstopdf Info: Output file is already uptodate.
 <figs/list_state-eps-converted-to.pdf, id=428, 218.8175pt x 204.765pt>
File: figs/list_state-eps-converted-to.pdf Graphic file (type pdf)

<use figs/list_state-eps-converted-to.pdf>
Package pdftex.def Info: figs/list_state-eps-converted-to.pdf used on input lin
e 8076.
(pdftex.def)             Requested size: 218.81696pt x 204.76448pt.
 [90 <./figs/list_state-eps-converted-to.pdf>] [91] [92] [93] [94]
Package epstopdf Info: Source file: <figs/list1.eps>
(epstopdf)                    date: 2014-01-07 13:49:12
(epstopdf)                    size: 4554 bytes
(epstopdf)             Output file: <figs/list1-eps-converted-to.pdf>
(epstopdf)                    date: 2014-01-07 14:18:43
(epstopdf)                    size: 4399 bytes
(epstopdf)             Command: <repstopdf --outfile=figs/list1-eps-converted-t
o.pdf figs/list1.eps>
(epstopdf)             \includegraphics on input line 8705.
Package epstopdf Info: Output file is already uptodate.

<figs/list1-eps-converted-to.pdf, id=450, 218.8175pt x 42.1575pt>
File: figs/list1-eps-converted-to.pdf Graphic file (type pdf)

<use figs/list1-eps-converted-to.pdf>
Package pdftex.def Info: figs/list1-eps-converted-to.pdf used on input line 870
5.
(pdftex.def)             Requested size: 218.81696pt x 42.15738pt.
 [95]
Package epstopdf Info: Source file: <figs/list2.eps>
(epstopdf)                    date: 2014-01-07 13:49:12
(epstopdf)                    size: 3638 bytes
(epstopdf)             Output file: <figs/list2-eps-converted-to.pdf>
(epstopdf)                    date: 2014-01-07 14:18:43
(epstopdf)                    size: 4474 bytes
(epstopdf)             Command: <repstopdf --outfile=figs/list2-eps-converted-t
o.pdf figs/list2.eps>
(epstopdf)             \includegraphics on input line 8747.
Package epstopdf Info: Output file is already uptodate.

<figs/list2-eps-converted-to.pdf, id=455, 97.36375pt x 43.16125pt>
File: figs/list2-eps-converted-to.pdf Graphic file (type pdf)

<use figs/list2-eps-converted-to.pdf>
Package pdftex.def Info: figs/list2-eps-converted-to.pdf used on input line 874
7.
(pdftex.def)             Requested size: 97.3635pt x 43.16113pt.
Package epstopdf Info: Source file: <figs/list3.eps>
(epstopdf)                    date: 2014-01-07 13:49:12
(epstopdf)                    size: 3562 bytes
(epstopdf)             Output file: <figs/list3-eps-converted-to.pdf>
(epstopdf)                    date: 2014-01-07 14:18:44
(epstopdf)                    size: 4496 bytes
(epstopdf)             Command: <repstopdf --outfile=figs/list3-eps-converted-t
o.pdf figs/list3.eps>
(epstopdf)             \includegraphics on input line 8793.
Package epstopdf Info: Output file is already uptodate.

<figs/list3-eps-converted-to.pdf, id=456, 97.36375pt x 43.16125pt>
File: figs/list3-eps-converted-to.pdf Graphic file (type pdf)

<use figs/list3-eps-converted-to.pdf>
Package pdftex.def Info: figs/list3-eps-converted-to.pdf used on input line 879
3.
(pdftex.def)             Requested size: 97.3635pt x 43.16113pt.
 [96 <./figs/list1-eps-converted-to.pdf> <./figs/list2-eps-converted-to.pdf>]
Package epstopdf Info: Source file: <figs/stack5.eps>
(epstopdf)                    date: 2014-01-07 13:49:12
(epstopdf)                    size: 5073 bytes
(epstopdf)             Output file: <figs/stack5-eps-converted-to.pdf>
(epstopdf)                    date: 2014-01-07 14:18:45
(epstopdf)                    size: 5498 bytes
(epstopdf)             Command: <repstopdf --outfile=figs/stack5-eps-converted-
to.pdf figs/stack5.eps>
(epstopdf)             \includegraphics on input line 8878.
Package epstopdf Info: Output file is already uptodate.

<figs/stack5-eps-converted-to.pdf, id=471, 227.85126pt x 74.2775pt>
File: figs/stack5-eps-converted-to.pdf Graphic file (type pdf)

<use figs/stack5-eps-converted-to.pdf>
Package pdftex.def Info: figs/stack5-eps-converted-to.pdf used on input line 88
78.
(pdftex.def)             Requested size: 227.8507pt x 74.27731pt.
 [97 <./figs/list3-eps-converted-to.pdf> <./figs/stack5-eps-converted-to.pdf>] 
[98] [99] [100] [101] [102

]
Chapter 11.
[103] [104] [105] [106] [107]
Package epstopdf Info: Source file: <figs/dict1.eps>
(epstopdf)                    date: 2014-01-07 13:49:12
(epstopdf)                    size: 8166 bytes
(epstopdf)             Output file: <figs/dict1-eps-converted-to.pdf>
(epstopdf)                    date: 2014-01-07 14:18:45
(epstopdf)                    size: 5977 bytes
(epstopdf)             Command: <repstopdf --outfile=figs/dict1-eps-converted-t
o.pdf figs/dict1.eps>
(epstopdf)             \includegraphics on input line 9800.
Package epstopdf Info: Output file is already uptodate.

<figs/dict1-eps-converted-to.pdf, id=519, 317.185pt x 134.5025pt>
File: figs/dict1-eps-converted-to.pdf Graphic file (type pdf)

<use figs/dict1-eps-converted-to.pdf>
Package pdftex.def Info: figs/dict1-eps-converted-to.pdf used on input line 980
0.
(pdftex.def)             Requested size: 317.1842pt x 134.50215pt.
 [108 <./figs/dict1-eps-converted-to.pdf>]
Package epstopdf Info: Source file: <figs/fibonacci.eps>
(epstopdf)                    date: 2014-01-07 13:49:12
(epstopdf)                    size: 9107 bytes
(epstopdf)             Output file: <figs/fibonacci-eps-converted-to.pdf>
(epstopdf)                    date: 2014-01-07 14:18:46
(epstopdf)                    size: 5605 bytes
(epstopdf)             Command: <repstopdf --outfile=figs/fibonacci-eps-convert
ed-to.pdf figs/fibonacci.eps>
(epstopdf)             \includegraphics on input line 9878.
Package epstopdf Info: Output file is already uptodate.
<figs/fibonacci-eps-converted-to.pdf, id=529, 309.155pt x 218.8175pt>
File: figs/fibonacci-eps-converted-to.pdf Graphic file (type pdf)

<use figs/fibonacci-eps-converted-to.pdf>
Package pdftex.def Info: figs/fibonacci-eps-converted-to.pdf used on input line
 9878.
(pdftex.def)             Requested size: 204.21274pt x 144.54pt.
 [109 <./figs/fibonacci-eps-converted-to.pdf>]
Underfull \hbox (badness 1460) in paragraph at lines 10000--10003
\OT1/ptm/m/n/10 The \OT1/pcr/m/n/10 global \OT1/ptm/m/n/10 state-ment tells the
 in-ter-preter some-thing like, ``In this func-tion, when I say
 []

[110] [111] [112] [113] [114]
Chapter 12.
[115

] [116] [117] [118] [119]
Package epstopdf Info: Source file: <figs/tuple1.eps>
(epstopdf)                    date: 2014-01-07 13:49:12
(epstopdf)                    size: 3759 bytes
(epstopdf)             Output file: <figs/tuple1-eps-converted-to.pdf>
(epstopdf)                    date: 2014-01-07 14:18:46
(epstopdf)                    size: 4939 bytes
(epstopdf)             Command: <repstopdf --outfile=figs/tuple1-eps-converted-
to.pdf figs/tuple1.eps>
(epstopdf)             \includegraphics on input line 10969.
Package epstopdf Info: Output file is already uptodate.

<figs/tuple1-eps-converted-to.pdf, id=570, 123.46124pt x 53.19875pt>
File: figs/tuple1-eps-converted-to.pdf Graphic file (type pdf)

<use figs/tuple1-eps-converted-to.pdf>
Package pdftex.def Info: figs/tuple1-eps-converted-to.pdf used on input line 10
969.
(pdftex.def)             Requested size: 123.46092pt x 53.19861pt.
Package epstopdf Info: Source file: <figs/dict2.eps>
(epstopdf)                    date: 2014-01-07 13:49:12
(epstopdf)                    size: 5351 bytes
(epstopdf)             Output file: <figs/dict2-eps-converted-to.pdf>
(epstopdf)                    date: 2014-01-07 14:18:47
(epstopdf)                    size: 6538 bytes
(epstopdf)             Command: <repstopdf --outfile=figs/dict2-eps-converted-t
o.pdf figs/dict2.eps>
(epstopdf)             \includegraphics on input line 10977.
Package epstopdf Info: Output file is already uptodate.

<figs/dict2-eps-converted-to.pdf, id=571, 231.86626pt x 125.46875pt>
File: figs/dict2-eps-converted-to.pdf Graphic file (type pdf)

<use figs/dict2-eps-converted-to.pdf>
Package pdftex.def Info: figs/dict2-eps-converted-to.pdf used on input line 109
77.
(pdftex.def)             Requested size: 231.86568pt x 125.46843pt.
 [120 <./figs/tuple1-eps-converted-to.pdf> <./figs/dict2-eps-converted-to.pdf>]
 [121] [122] [123] [124]
Chapter 13.
[125

] [126] [127] [128] [129]
Underfull \hbox (badness 10000) in paragraph at lines 11946--11955

 []


Underfull \hbox (badness 10000) in paragraph at lines 11946--11955

 []

[130] [131] [132] [133] [134]
Chapter 14.
[135

] [136] [137] [138] [139] [140] [141] [142] [143] [144]
Chapter 15.
[145

]
Package epstopdf Info: Source file: <figs/point.eps>
(epstopdf)                    date: 2014-01-07 13:49:12
(epstopdf)                    size: 4037 bytes
(epstopdf)             Output file: <figs/point-eps-converted-to.pdf>
(epstopdf)                    date: 2014-01-07 14:18:48
(epstopdf)                    size: 4956 bytes
(epstopdf)             Command: <repstopdf --outfile=figs/point-eps-converted-t
o.pdf figs/point.eps>
(epstopdf)             \includegraphics on input line 13442.
Package epstopdf Info: Output file is already uptodate.
 <figs/point-eps-converted-to.pdf, id=667, 118.4425pt x 53.19875pt>
File: figs/point-eps-converted-to.pdf Graphic file (type pdf)

<use figs/point-eps-converted-to.pdf>
Package pdftex.def Info: figs/point-eps-converted-to.pdf used on input line 134
42.
(pdftex.def)             Requested size: 118.4422pt x 53.19861pt.
 [146 <./figs/point-eps-converted-to.pdf>] [147]
Package epstopdf Info: Source file: <figs/rectangle.eps>
(epstopdf)                    date: 2014-01-07 13:49:12
(epstopdf)                    size: 5218 bytes
(epstopdf)             Output file: <figs/rectangle-eps-converted-to.pdf>
(epstopdf)                    date: 2014-01-07 14:18:48
(epstopdf)                    size: 5762 bytes
(epstopdf)             Command: <repstopdf --outfile=figs/rectangle-eps-convert
ed-to.pdf figs/rectangle.eps>
(epstopdf)             \includegraphics on input line 13584.
Package epstopdf Info: Output file is already uptodate.
 <figs/rectangle-eps-converted-to.pdf, id=679, 216.81pt x 71.26625pt>
File: figs/rectangle-eps-converted-to.pdf Graphic file (type pdf)

<use figs/rectangle-eps-converted-to.pdf>
Package pdftex.def Info: figs/rectangle-eps-converted-to.pdf used on input line
 13584.
(pdftex.def)             Requested size: 216.80946pt x 71.26605pt.
 [148 <./figs/rectangle-eps-converted-to.pdf>] [149]
Package epstopdf Info: Source file: <figs/rectangle2.eps>
(epstopdf)                    date: 2014-01-07 13:49:12
(epstopdf)                    size: 6382 bytes
(epstopdf)             Output file: <figs/rectangle2-eps-converted-to.pdf>
(epstopdf)                    date: 2014-01-07 14:18:49
(epstopdf)                    size: 5591 bytes
(epstopdf)             Command: <repstopdf --outfile=figs/rectangle2-eps-conver
ted-to.pdf figs/rectangle2.eps>
(epstopdf)             \includegraphics on input line 13763.
Package epstopdf Info: Output file is already uptodate.

<figs/rectangle2-eps-converted-to.pdf, id=692, 360.34625pt x 60.225pt>
File: figs/rectangle2-eps-converted-to.pdf Graphic file (type pdf)

<use figs/rectangle2-eps-converted-to.pdf>
Package pdftex.def Info: figs/rectangle2-eps-converted-to.pdf used on input lin
e 13763.
(pdftex.def)             Requested size: 360.34537pt x 60.22484pt.
 [150 <./figs/rectangle2-eps-converted-to.pdf>] [151]
Underfull \hbox (badness 1024) in paragraph at lines 14017--14019
[]\OT1/ptm/m/n/10 I have writ-ten a small pro-gram that lists the avail-able co
l-ors; you can down-load it from
 []

[152]
Chapter 16.
Package epstopdf Info: Source file: <figs/time.eps>
(epstopdf)                    date: 2014-01-07 13:49:12
(epstopdf)                    size: 4395 bytes
(epstopdf)             Output file: <figs/time-eps-converted-to.pdf>
(epstopdf)                    date: 2014-01-07 14:18:49
(epstopdf)                    size: 5308 bytes
(epstopdf)             Command: <repstopdf --outfile=figs/time-eps-converted-to
.pdf figs/time.eps>
(epstopdf)             \includegraphics on input line 14067.
Package epstopdf Info: Output file is already uptodate.
<figs/time-eps-converted-to.pdf, id=707, 136.51pt x 71.26625pt>
File: figs/time-eps-converted-to.pdf Graphic file (type pdf)

<use figs/time-eps-converted-to.pdf>
Package pdftex.def Info: figs/time-eps-converted-to.pdf used on input line 1406
7.
(pdftex.def)             Requested size: 136.50966pt x 71.26605pt.

Underfull \vbox (badness 1205) has occurred while \output is active []

 [153

 <./figs/time-eps-converted-to.pdf>] [154] [155] [156] [157] [158]
Chapter 17.
[159

] [160] [161] [162] [163] [164] [165] [166] [167] [168]
Chapter 18.
[169

] [170]
Package epstopdf Info: Source file: <figs/card1.eps>
(epstopdf)                    date: 2014-01-07 13:49:12
(epstopdf)                    size: 5690 bytes
(epstopdf)             Output file: <figs/card1-eps-converted-to.pdf>
(epstopdf)                    date: 2014-01-07 14:18:50
(epstopdf)                    size: 5470 bytes
(epstopdf)             Command: <repstopdf --outfile=figs/card1-eps-converted-t
o.pdf figs/card1.eps>
(epstopdf)             \includegraphics on input line 15613.
Package epstopdf Info: Output file is already uptodate.

<figs/card1-eps-converted-to.pdf, id=770, 194.7275pt x 155.58125pt>
File: figs/card1-eps-converted-to.pdf Graphic file (type pdf)

<use figs/card1-eps-converted-to.pdf>
Package pdftex.def Info: figs/card1-eps-converted-to.pdf used on input line 156
13.
(pdftex.def)             Requested size: 194.727pt x 155.58086pt.
 [171 <./figs/card1-eps-converted-to.pdf>] [172] [173] [174] [175]
Package epstopdf Info: Source file: <figs/class1.eps>
(epstopdf)                    date: 2014-01-07 13:49:12
(epstopdf)                    size: 4009 bytes
(epstopdf)             Output file: <figs/class1-eps-converted-to.pdf>
(epstopdf)                    date: 2014-01-07 14:18:50
(epstopdf)                    size: 4742 bytes
(epstopdf)             Command: <repstopdf --outfile=figs/class1-eps-converted-
to.pdf figs/class1.eps>
(epstopdf)             \includegraphics on input line 16085.
Package epstopdf Info: Output file is already uptodate.

<figs/class1-eps-converted-to.pdf, id=792, 150.5625pt x 87.32625pt>
File: figs/class1-eps-converted-to.pdf Graphic file (type pdf)

<use figs/class1-eps-converted-to.pdf>
Package pdftex.def Info: figs/class1-eps-converted-to.pdf used on input line 16
085.
(pdftex.def)             Requested size: 150.56212pt x 87.32603pt.
 [176 <./figs/class1-eps-converted-to.pdf>] [177] [178] [179] [180

]
Chapter 19.
[181] [182] [183] [184]
Package epstopdf Info: Source file: <figs/TurtleWorld.eps>
(epstopdf)                    date: 2014-01-07 13:49:12
(epstopdf)                    size: 525767 bytes
(epstopdf)             Output file: <figs/TurtleWorld-eps-converted-to.pdf>
(epstopdf)                    date: 2014-01-07 14:18:51
(epstopdf)                    size: 9378 bytes
(epstopdf)             Command: <repstopdf --outfile=figs/TurtleWorld-eps-conve
rted-to.pdf figs/TurtleWorld.eps>
(epstopdf)             \includegraphics on input line 16857.
Package epstopdf Info: Output file is already uptodate.

<figs/TurtleWorld-eps-converted-to.pdf, id=827, 597.23125pt x 432.61626pt>
File: figs/TurtleWorld-eps-converted-to.pdf Graphic file (type pdf)

<use figs/TurtleWorld-eps-converted-to.pdf>
Package pdftex.def Info: figs/TurtleWorld-eps-converted-to.pdf used on input li
ne 16857.
(pdftex.def)             Requested size: 397.48499pt x 287.93044pt.

Underfull \vbox (badness 10000) has occurred while \output is active []

 [185]
[186 <./figs/TurtleWorld-eps-converted-to.pdf>] [187] [188] [189] [190]
[191] [192] [193] [194

]
Appendix A.
[195] [196] [197] [198] [199] [200] [201]
No file book.ind.
[202] (./book.aux) ) 
Here is how much of TeX's memory you used:
 4842 strings out of 493315
 69225 string characters out of 6137904
 125426 words of memory out of 5000000
 8118 multiletter control sequences out of 15000+600000
 62971 words of font info for 131 fonts, out of 8000000 for 9000
 957 hyphenation exceptions out of 8191
 38i,12n,43p,266b,408s stack positions out of 5000i,500n,10000p,200000b,80000s
{/usr/local/texlive/2013/texmf-dist/fonts/enc/dvips/base/8r
.enc}</usr/local/texlive/2013/texmf-dist/fonts/type1/public/amsfonts/cm/cmex10.
pfb></usr/local/texlive/2013/texmf-dist/fonts/type1/public/amsfonts/cm/cmmi10.p
fb></usr/local/texlive/2013/texmf-dist/fonts/type1/public/amsfonts/cm/cmr10.pfb
></usr/local/texlive/2013/texmf-dist/fonts/type1/public/amsfonts/cm/cmsy10.pfb>
</usr/local/texlive/2013/texmf-dist/fonts/type1/urw/courier/ucrr8a.pfb></usr/lo
cal/texlive/2013/texmf-dist/fonts/type1/urw/courier/ucrr8a.pfb></usr/local/texl
ive/2013/texmf-dist/fonts/type1/urw/helvetic/uhvr8a.pfb></usr/local/texlive/201
3/texmf-dist/fonts/type1/urw/symbol/usyr.pfb></usr/local/texlive/2013/texmf-dis
t/fonts/type1/urw/times/utmb8a.pfb></usr/local/texlive/2013/texmf-dist/fonts/ty
pe1/urw/times/utmr8a.pfb></usr/local/texlive/2013/texmf-dist/fonts/type1/urw/ti
mes/utmri8a.pfb>
Output written on book.pdf (222 pages, 621700 bytes).
PDF statistics:
 935 PDF objects out of 1000 (max. 8388607)
 640 compressed objects within 7 object streams
 0 named destinations out of 1000 (max. 500000)
 141 words of extra memory for PDF output out of 10000 (max. 10000000)

